
> paulalivingstone@0.1.0 typecheck
> tsc --noEmit

src/app/admin/login/actions.ts(26,19): error TS2339: Property 'delete' does not exist on type 'Promise<ReadonlyRequestCookies>'.
src/app/api/comments/route.ts(191,19): error TS2339: Property 'id' does not exist on type 'never'.
src/app/api/comments/route.ts(192,23): error TS2339: Property 'author' does not exist on type 'never'.
src/app/api/comments/route.ts(193,21): error TS2339: Property 'content' does not exist on type 'never'.
src/app/api/comments/route.ts(194,26): error TS2339: Property 'created_at' does not exist on type 'never'.
src/app/api/comments/route.ts(196,60): error TS2339: Property 'created_at' does not exist on type 'never'.
src/app/api/comments/route.ts(342,62): error TS2769: No overload matches this call.
  Overload 1 of 2, '(values: never, options?: { count?: "exact" | "planned" | "estimated" | undefined; } | undefined): PostgrestFilterBuilder<{ PostgrestVersion: "12"; }, never, never, null, "comments", never, "POST">', gave the following error.
    Argument of type 'CommentsTableInsert' is not assignable to parameter of type 'never'.
  Overload 2 of 2, '(values: never[], options?: { count?: "exact" | "planned" | "estimated" | undefined; defaultToNull?: boolean | undefined; } | undefined): PostgrestFilterBuilder<{ PostgrestVersion: "12"; }, never, never, null, "comments", never, "POST">', gave the following error.
    Argument of type 'CommentsTableInsert' is not assignable to parameter of type 'never[]'.
      Type 'CommentsTableInsert' is missing the following properties from type 'never[]': length, pop, push, concat, and 35 more.
src/app/api/contact/route.ts(178,78): error TS2769: No overload matches this call.
  Overload 1 of 2, '(values: never, options?: { count?: "exact" | "planned" | "estimated" | undefined; } | undefined): PostgrestFilterBuilder<{ PostgrestVersion: "12"; }, never, never, null, "pl_site.contact_messages", never, "POST">', gave the following error.
    Argument of type 'ContactMessageInsert' is not assignable to parameter of type 'never'.
  Overload 2 of 2, '(values: never[], options?: { count?: "exact" | "planned" | "estimated" | undefined; defaultToNull?: boolean | undefined; } | undefined): PostgrestFilterBuilder<{ PostgrestVersion: "12"; }, never, never, null, "pl_site.contact_messages", never, "POST">', gave the following error.
    Argument of type 'ContactMessageInsert' is not assignable to parameter of type 'never[]'.
      Type 'ContactMessageInsert' is missing the following properties from type 'never[]': length, pop, push, concat, and 35 more.
src/app/contact/send.ts(11,27): error TS2339: Property 'get' does not exist on type 'Promise<ReadonlyHeaders>'.
src/app/contact/send.ts(12,31): error TS2339: Property 'get' does not exist on type 'Promise<ReadonlyHeaders>'.
src/components/hero.tsx(63,7): error TS2322: Type 'Variants | { hidden: Record<string, unknown>; visible: Record<string, unknown>; }' is not assignable to type 'Variants | undefined'.
  Type '{ hidden: Record<string, unknown>; visible: Record<string, unknown>; }' is not assignable to type 'Variants'.
    Property 'hidden' is incompatible with index signature.
      Type 'Record<string, unknown>' is not assignable to type 'Variant'.
        Type 'Record<string, unknown>' is not assignable to type 'TargetAndTransition'.
          Type 'Record<string, unknown>' is not assignable to type 'Target'.
            Type 'Record<string, unknown>' is not assignable to type 'VariableKeyframesDefinition'.
              'string' and '`--${string}`' index signatures are incompatible.
                Type 'unknown' is not assignable to type 'ValueKeyframesDefinition'.
src/components/pagination.tsx(47,82): error TS2345: Argument of type 'string' is not assignable to parameter of type '"page"'.
src/components/pagination.tsx(48,85): error TS2345: Argument of type 'string' is not assignable to parameter of type '"page"'.
src/components/pagination.tsx(72,54): error TS2345: Argument of type 'string' is not assignable to parameter of type '"page"'.
src/components/post-card.tsx(109,7): error TS2322: Type 'Variants | { hidden: Record<string, unknown>; visible: Record<string, unknown>; }' is not assignable to type 'Variants | undefined'.
  Type '{ hidden: Record<string, unknown>; visible: Record<string, unknown>; }' is not assignable to type 'Variants'.
    Property 'hidden' is incompatible with index signature.
      Type 'Record<string, unknown>' is not assignable to type 'Variant'.
        Type 'Record<string, unknown>' is not assignable to type 'TargetAndTransition'.
          Type 'Record<string, unknown>' is not assignable to type 'Target'.
            Type 'Record<string, unknown>' is not assignable to type 'VariableKeyframesDefinition'.
              'string' and '`--${string}`' index signatures are incompatible.
                Type 'unknown' is not assignable to type 'ValueKeyframesDefinition'.
src/components/project-card.tsx(109,7): error TS2322: Type 'Variants | { hidden: Record<string, unknown>; visible: Record<string, unknown>; }' is not assignable to type 'Variants | undefined'.
  Type '{ hidden: Record<string, unknown>; visible: Record<string, unknown>; }' is not assignable to type 'Variants'.
    Property 'hidden' is incompatible with index signature.
      Type 'Record<string, unknown>' is not assignable to type 'Variant'.
        Type 'Record<string, unknown>' is not assignable to type 'TargetAndTransition'.
          Type 'Record<string, unknown>' is not assignable to type 'Target'.
            Type 'Record<string, unknown>' is not assignable to type 'VariableKeyframesDefinition'.
              'string' and '`--${string}`' index signatures are incompatible.
                Type 'unknown' is not assignable to type 'ValueKeyframesDefinition'.
src/lib/auth/server.ts(19,37): error TS2339: Property 'get' does not exist on type 'Promise<ReadonlyRequestCookies>'.
src/lib/auth/server.ts(46,15): error TS2339: Property 'set' does not exist on type 'Promise<ReadonlyRequestCookies>'.
src/lib/auth/server.ts(59,15): error TS2339: Property 'set' does not exist on type 'Promise<ReadonlyRequestCookies>'.
src/lib/auth/server.ts(82,34): error TS2339: Property 'get' does not exist on type 'Promise<ReadonlyHeaders>'.
src/lib/moderation/comments.ts(181,13): error TS2345: Argument of type 'ModerationCommentUpdate' is not assignable to parameter of type 'never'.
src/lib/moderation/comments.ts(195,43): error TS2339: Property 'id' does not exist on type 'never'.
src/lib/moderation/comments.ts(195,52): error TS2339: Property 'slug' does not exist on type 'never'.
src/lib/moderation/comments.ts(196,92): error TS2769: No overload matches this call.
  Overload 1 of 2, '(values: never, options?: { count?: "exact" | "planned" | "estimated" | undefined; } | undefined): PostgrestFilterBuilder<{ PostgrestVersion: "12"; }, never, never, null, "pl_site.moderation_audit_log", never, "POST">', gave the following error.
    Argument of type 'ModerationAuditLogInsert' is not assignable to parameter of type 'never'.
  Overload 2 of 2, '(values: never[], options?: { count?: "exact" | "planned" | "estimated" | undefined; defaultToNull?: boolean | undefined; } | undefined): PostgrestFilterBuilder<{ PostgrestVersion: "12"; }, never, never, null, "pl_site.moderation_audit_log", never, "POST">', gave the following error.
    Argument of type 'ModerationAuditLogInsert' is not assignable to parameter of type 'never[]'.
      Type 'ModerationAuditLogInsert' is missing the following properties from type 'never[]': length, pop, push, concat, and 35 more.
src/lib/moderation/comments.ts(202,48): error TS2339: Property 'slug' does not exist on type 'never'.
src/lib/moderation/comments.ts(204,25): error TS2339: Property 'status' does not exist on type 'never'.
src/lib/moderation/comments.ts(204,44): error TS2339: Property 'slug' does not exist on type 'never'.
src/lib/motion.ts(91,7): error TS2322: Type 'Record<string, unknown>' is not assignable to type 'Variant'.
  Type 'Record<string, unknown>' is not assignable to type 'TargetAndTransition'.
    Type 'Record<string, unknown>' is not assignable to type 'Target'.
      Type 'Record<string, unknown>' is not assignable to type 'VariableKeyframesDefinition'.
        'string' and '`--${string}`' index signatures are incompatible.
          Type 'unknown' is not assignable to type 'ValueKeyframesDefinition'.
src/lib/motion.ts(92,7): error TS2322: Type 'Record<string, unknown>' is not assignable to type 'Variant'.
  Type 'Record<string, unknown>' is not assignable to type 'TargetAndTransition'.
    Type 'Record<string, unknown>' is not assignable to type 'Target'.
      Type 'Record<string, unknown>' is not assignable to type 'VariableKeyframesDefinition'.
        'string' and '`--${string}`' index signatures are incompatible.
          Type 'unknown' is not assignable to type 'ValueKeyframesDefinition'.
tests/components/comment-section.test.tsx(56,11): error TS2558: Expected 0-1 type arguments, but got 2.
tests/components/comment-section.test.tsx(97,29): error TS2558: Expected 0-1 type arguments, but got 2.
tests/components/comment-section.test.tsx(134,5): error TS2349: This expression is not callable.
  Type 'never' has no call signatures.
tests/components/comment-section.test.tsx(151,11): error TS2558: Expected 0-1 type arguments, but got 2.
tests/components/post-card.test.tsx(38,3): error TS2322: Type '{ new (callback: IntersectionObserverCallback, options?: IntersectionObserverInit | undefined): IntersectionObserver; prototype: IntersectionObserver; }' is not assignable to type 'typeof MockIntersectionObserver'.
  Target signature provides too few arguments. Expected 1 or more, but got 0.
